STEP to UG
! INFO-     NX STEP AP203 - V2306.1700
! INFO-      
! INFO-     Start of Translation: 8-MAR-2025  10:39:57 PM
! INFO-      
! STATUS-   Converting Part: C:\Users\atlan\OneDrive - University of Illinois - Urbana\Desktop\LRI\Flight_Vehicle_Design\spring launch\CAD\countersunk screw 10-32.STEP
! SUMMARY-   
! SUMMARY-    STEP Header Information
! SUMMARY-   
! SUMMARY-  Description      STEP AP203
! SUMMARY-  Imp_Level        1
! SUMMARY-  File_Name        92210A309_18-8 Stainless Steel Hex Drive Flat Head Screw.STEP
! SUMMARY-  Date             2024-08-22T14:15:01
! SUMMARY-  Author           Administrator
! SUMMARY-  Organization     Managed by Terraform
! SUMMARY-  Pre_Version      SwSTEP 2.0
! SUMMARY-  Orig_System      SolidWorks 2017
! SUMMARY-  Authorization    Unknown
! SUMMARY-  Schema_ID        config_control_design
! SUMMARY-   
! SUMMARY-    Summary of STEP Entities
! SUMMARY-   
! SUMMARY-  Entity Type                                                   Count
! SUMMARY-  -----------                                                   ------
! SUMMARY-  advanced_face ..............................................:    128
! SUMMARY-  application_context ........................................:      2
! SUMMARY-  approval ...................................................:      3
! SUMMARY-  approval_date_time .........................................:      3
! SUMMARY-  approval_person_organization ...............................:      3
! SUMMARY-  approval_role ..............................................:      3
! SUMMARY-  approval_status ............................................:      3
! SUMMARY-  axis2_placement_3d .........................................:    129
! SUMMARY-  b_spline_curve_with_knots ..................................:     20
! SUMMARY-  b_spline_curve_with_knots_and_rational_b_spline_curve ......:    182
! SUMMARY-  b_spline_surface_with_knots_and_rational_b_spline_surface ..:     21
! SUMMARY-  calendar_date ..............................................:      3
! SUMMARY-  cartesian_point ............................................:   7405
! SUMMARY-  circle .....................................................:     21
! SUMMARY-  closed_shell ...............................................:      1
! SUMMARY-  conical_surface ............................................:     13
! SUMMARY-  conversion_based_unit_and_length_unit ......................:      1
! SUMMARY-  coordinated_universal_time_offset ..........................:      3
! SUMMARY-  cylindrical_surface ........................................:     80
! SUMMARY-  date_and_time ..............................................:      3
! SUMMARY-  dimensional_exponents ......................................:      1
! SUMMARY-  direction ..................................................:    385
! SUMMARY-  edge_curve .................................................:    350
! SUMMARY-  edge_loop ..................................................:    129
! SUMMARY-  face_bound .................................................:      1
! SUMMARY-  face_outer_bound ...........................................:    128
! SUMMARY-  geometric_representation_context_and_global_uncertainty_a ..:      1
! SUMMARY-  length_measure_with_unit ...................................:      1
! SUMMARY-  length_unit_and_si_unit ....................................:      1
! SUMMARY-  line .......................................................:    127
! SUMMARY-  local_time .................................................:      3
! SUMMARY-  manifold_solid_brep ........................................:      1
! SUMMARY-  organization ...............................................:      1
! SUMMARY-  oriented_edge ..............................................:    700
! SUMMARY-  person .....................................................:      1
! SUMMARY-  person_and_organization ....................................:      3
! SUMMARY-  plane ......................................................:     14
! SUMMARY-  plane_angle_unit_and_si_unit ...............................:      1
! SUMMARY-  product ....................................................:      1
! SUMMARY-  product_context ............................................:      1
! SUMMARY-  product_definition .........................................:      1
! SUMMARY-  product_definition_context .................................:      1
! SUMMARY-  product_definition_formation_with_specified_source .........:      1
! SUMMARY-  product_definition_shape ...................................:      1
! SUMMARY-  product_related_product_category ...........................:      1
! SUMMARY-  si_unit_and_solid_angle_unit ...............................:      1
! SUMMARY-  uncertainty_measure_with_unit ..............................:      1
! SUMMARY-  vector .....................................................:    127
! SUMMARY-  vertex_point ...............................................:    225
! SUMMARY-                                                               -------
! SUMMARY-  Total                                                          10236
! STATUS-    
! STATUS-   Converting to Output Form (Phase 2 of 3): 8-MAR-2025 10:39:58 PM
! STATUS-    
! STATUS-    
! STATUS-   Generating UG geometry and placing them in parts
! STATUS-    
! STATUS-   Creating the UG part (Phase 3 of 3): 8-MAR-2025  10:39:59 PM
! INFO-     Filing Part ..: C:\Users\atlan\OneDrive - University of Illinois - Urbana\Desktop\LRI\Flight_Vehicle_Design\spring launch\CAD\countersunk screw 10-32.prt
! SUMMARY-   
! SUMMARY-  Summary of Unigraphics Part Entities
! SUMMARY-   
! SUMMARY-  Entities Processed             Count
! SUMMARY-  ------------------             -----
! SUMMARY-  Solid/Sheet .................:     1
! SUMMARY-                                 -----
! SUMMARY-  Total                              1
! INFO-      
! INFO-     Total number of solids input for this translation       :         1
! INFO-      
! INFO-     Number of solids created without body validation faults :         1
! INFO-      
! INFO-     Number of solids created with body validation fault(s)  :         0
! INFO-      
! INFO-     Number of solids ending up as sheet bodies              :         0
! INFO-      
! INFO-     End of Translation: 8-MAR-2025  10:40:00 PM
! INFO-      
STEP to UG
! INFO-     NX STEP AP203 - V2306.1700
! INFO-      
! INFO-     Start of Translation: 8-MAR-2025  10:41:07 PM
! INFO-      
! STATUS-   Converting Part: C:\Users\atlan\OneDrive - University of Illinois - Urbana\Desktop\LRI\Flight_Vehicle_Design\spring launch\CAD\countersunk screw 10-32.STEP
! SUMMARY-   
! SUMMARY-    STEP Header Information
! SUMMARY-   
! SUMMARY-  Description      STEP AP203
! SUMMARY-  Imp_Level        1
! SUMMARY-  File_Name        92210A309_18-8 Stainless Steel Hex Drive Flat Head Screw.STEP
! SUMMARY-  Date             2024-08-22T14:15:01
! SUMMARY-  Author           Administrator
! SUMMARY-  Organization     Managed by Terraform
! SUMMARY-  Pre_Version      SwSTEP 2.0
! SUMMARY-  Orig_System      SolidWorks 2017
! SUMMARY-  Authorization    Unknown
! SUMMARY-  Schema_ID        config_control_design
! SUMMARY-   
! SUMMARY-    Summary of STEP Entities
! SUMMARY-   
! SUMMARY-  Entity Type                                                   Count
! SUMMARY-  -----------                                                   ------
! SUMMARY-  advanced_face ..............................................:    128
! SUMMARY-  application_context ........................................:      2
! SUMMARY-  approval ...................................................:      3
! SUMMARY-  approval_date_time .........................................:      3
! SUMMARY-  approval_person_organization ...............................:      3
! SUMMARY-  approval_role ..............................................:      3
! SUMMARY-  approval_status ............................................:      3
! SUMMARY-  axis2_placement_3d .........................................:    129
! SUMMARY-  b_spline_curve_with_knots ..................................:     20
! SUMMARY-  b_spline_curve_with_knots_and_rational_b_spline_curve ......:    182
! SUMMARY-  b_spline_surface_with_knots_and_rational_b_spline_surface ..:     21
! SUMMARY-  calendar_date ..............................................:      3
! SUMMARY-  cartesian_point ............................................:   7405
! SUMMARY-  circle .....................................................:     21
! SUMMARY-  closed_shell ...............................................:      1
! SUMMARY-  conical_surface ............................................:     13
! SUMMARY-  conversion_based_unit_and_length_unit ......................:      1
! SUMMARY-  coordinated_universal_time_offset ..........................:      3
! SUMMARY-  cylindrical_surface ........................................:     80
! SUMMARY-  date_and_time ..............................................:      3
! SUMMARY-  dimensional_exponents ......................................:      1
! SUMMARY-  direction ..................................................:    385
! SUMMARY-  edge_curve .................................................:    350
! SUMMARY-  edge_loop ..................................................:    129
! SUMMARY-  face_bound .................................................:      1
! SUMMARY-  face_outer_bound ...........................................:    128
! SUMMARY-  geometric_representation_context_and_global_uncertainty_a ..:      1
! SUMMARY-  length_measure_with_unit ...................................:      1
! SUMMARY-  length_unit_and_si_unit ....................................:      1
! SUMMARY-  line .......................................................:    127
! SUMMARY-  local_time .................................................:      3
! SUMMARY-  manifold_solid_brep ........................................:      1
! SUMMARY-  organization ...............................................:      1
! SUMMARY-  oriented_edge ..............................................:    700
! SUMMARY-  person .....................................................:      1
! SUMMARY-  person_and_organization ....................................:      3
! SUMMARY-  plane ......................................................:     14
! SUMMARY-  plane_angle_unit_and_si_unit ...............................:      1
! SUMMARY-  product ....................................................:      1
! SUMMARY-  product_context ............................................:      1
! SUMMARY-  product_definition .........................................:      1
! SUMMARY-  product_definition_context .................................:      1
! SUMMARY-  product_definition_formation_with_specified_source .........:      1
! SUMMARY-  product_definition_shape ...................................:      1
! SUMMARY-  product_related_product_category ...........................:      1
! SUMMARY-  si_unit_and_solid_angle_unit ...............................:      1
! SUMMARY-  uncertainty_measure_with_unit ..............................:      1
! SUMMARY-  vector .....................................................:    127
! SUMMARY-  vertex_point ...............................................:    225
! SUMMARY-                                                               -------
! SUMMARY-  Total                                                          10236
! STATUS-    
! STATUS-   Converting to Output Form (Phase 2 of 3): 8-MAR-2025 10:41:07 PM
! STATUS-    
! STATUS-    
! STATUS-   Generating UG geometry and placing them in parts
! STATUS-    
! STATUS-   Creating the UG part (Phase 3 of 3): 8-MAR-2025  10:41:08 PM
! INFO-     Filing Part ..: C:\Users\atlan\OneDrive - University of Illinois - Urbana\Desktop\LRI\Flight_Vehicle_Design\spring launch\CAD\countersunk screw 10-32.prt
! SUMMARY-   
! SUMMARY-  Summary of Unigraphics Part Entities
! SUMMARY-   
! SUMMARY-  Entities Processed             Count
! SUMMARY-  ------------------             -----
! SUMMARY-  Solid/Sheet .................:     1
! SUMMARY-                                 -----
! SUMMARY-  Total                              1
! INFO-      
! INFO-     Total number of solids input for this translation       :         1
! INFO-      
! INFO-     Number of solids created without body validation faults :         1
! INFO-      
! INFO-     Number of solids created with body validation fault(s)  :         0
! INFO-      
! INFO-     Number of solids ending up as sheet bodies              :         0
! INFO-      
! INFO-     End of Translation: 8-MAR-2025  10:41:10 PM
! INFO-      
