UG to IGES
! INFO-     NX V2306.1700 / IGES Specification 5.3
! INFO-      
! INFO-     Start of Translation: 30-MAR-2025  2:20:30 PM
! INFO-      
! STATUS-   Converting Part: C:\Users\natha\AppData\Local\Temp\Maurice2_1Assembly_objects.prt
! SUMMARY-   
! SUMMARY-  Summary of Unigraphics Input Entities
! SUMMARY-  For Part: C:\Users\natha\AppData\Local\Temp\Maurice2_1Assembly_objects.prt 
! SUMMARY-  Entities Processed             Count
! SUMMARY-  ------------------             -----
! SUMMARY-  Line ........................:    40
! SUMMARY-  Arc/Circle ..................:     2
! SUMMARY-  Part Attribute ..............:     1
! SUMMARY-  Layer Category ..............:     1
! SUMMARY-  Font ........................:     1
! SUMMARY-  Color Table .................:     2
! SUMMARY-  Coordinate System ...........:     1
! SUMMARY-  Parameter ...................:     2
! SUMMARY-  Matrix ......................:    10
! SUMMARY-  View ........................:     8
! SUMMARY-  Layout ......................:     5
! SUMMARY-                                 -----
! SUMMARY-  Total                             73
! STATUS-    
! STATUS-   Converting to Output Form (Phase 2 of 3): 30-MAR-2025 2:20:31 PM
! STATUS-    
! STATUS-   Creating the IGES file (Phase 3 of 3): 30-MAR-2025  2:20:31 PM
! SUMMARY-   
! SUMMARY-  Summary of IGES Output Entities
! SUMMARY-   
! SUMMARY-  Entities Processed             Count
! SUMMARY-  ------------------             -----
! SUMMARY-  Arc ..........................     2
! SUMMARY-  Line .........................    40
! SUMMARY-  Plane ........................
! SUMMARY-      Unbounded ................    32
! SUMMARY-  Color ........................     1
! SUMMARY-  Name .........................     8
! SUMMARY-  Transformation ...............    11
! SUMMARY-  View .........................     8
! SUMMARY-                                 -----
! SUMMARY-  Total                            102
! INFO-      
! INFO-     End of Translation: 30-MAR-2025  2:20:31 PM
! INFO-      
IGES to UG
! INFO-     NX V2306.1700 / IGES Specification 5.3
! INFO-      
! INFO-     Start of Translation: 30-MAR-2025  2:21:21 PM
! INFO-      
! STATUS-   Converting Part: C:\Users\natha\OneDrive\Desktop\Flight_Vehicle_Design\spring launch\CAD\finFramJigOutline.igs
! SUMMARY-   
! SUMMARY-  Summary of Supported IGES Entities in file
! SUMMARY-   
! SUMMARY-  Entity Type                    Count
! SUMMARY-  -----------                    -----
! SUMMARY-  Line (110/0).................:    40
! SUMMARY-  Circular Arc (100/0).........:     2
! SUMMARY-  Plane (108/-1,0,1)...........:    32
! SUMMARY-  Trans Matrix (124/0,1,10,12).:    11
! SUMMARY-  View (410/0).................:     8
! SUMMARY-  Color Definition (314/0,1)...:     1
! SUMMARY-  Name (406/15)................:     8
! SUMMARY-                                 -----
! SUMMARY-  Total                            102
! STATUS-    
! STATUS-   Converting to Output Form (Phase 2 of 3): 30-MAR-2025 2:21:21 PM
! STATUS-    
! STATUS-   Creating the UG part (Phase 3 of 3): 30-MAR-2025  2:21:21 PM
! SUMMARY-   
! SUMMARY-  Summary of Unigraphics Input Entities
! SUMMARY-   
! SUMMARY-  Entities Processed             Count
! SUMMARY-  ------------------             -----
! SUMMARY-  Line ........................:    40
! SUMMARY-  Arc/Circle ..................:     2
! SUMMARY-  Part Attribute ..............:     7
! SUMMARY-  Matrix ......................:     2
! SUMMARY-  View ........................:     8
! SUMMARY-                                 -----
! SUMMARY-  Total                             59
! INFO-      
! INFO-     End of Translation: 30-MAR-2025  2:21:21 PM
! INFO-      
