STEP to UG
! INFO-     NX STEP AP203 - V2306.9102
! INFO-      
! INFO-     Start of Translation: 8-FEB-2025  5:50:34 PM
! INFO-      
! STATUS-   Converting Part: U:\Spring CAD\HS-225BB-1642818335.stp
! SUMMARY-   
! SUMMARY-    STEP Header Information
! SUMMARY-   
! SUMMARY-  Description      Unknown
! SUMMARY-  Imp_Level        2;1
! SUMMARY-  File_Name        HS-225BB_ASM
! SUMMARY-  Date             2017-08-30T
! SUMMARY-  Author           servo-csw
! SUMMARY-  Organization     Unknown
! SUMMARY-  Pre_Version      CREO PARAMETRIC BY PTC INC, 2014440
! SUMMARY-  Orig_System      CREO PARAMETRIC BY PTC INC, 2014440
! SUMMARY-  Authorization    Unknown
! SUMMARY-  Schema_ID        config_control_design
! SUMMARY-   
! SUMMARY-    Summary of STEP Entities
! SUMMARY-   
! SUMMARY-  Entity Type                                                   Count
! SUMMARY-  -----------                                                   ------
! SUMMARY-  advanced_brep_shape_representation .........................:      1
! SUMMARY-  advanced_face ..............................................:    357
! SUMMARY-  application_context ........................................:      1
! SUMMARY-  approval ...................................................:      1
! SUMMARY-  approval_date_time .........................................:      1
! SUMMARY-  approval_person_organization ...............................:      1
! SUMMARY-  approval_role ..............................................:      1
! SUMMARY-  approval_status ............................................:      1
! SUMMARY-  axis2_placement_3d .........................................:    621
! SUMMARY-  b_spline_curve_with_knots ..................................:     83
! SUMMARY-  b_spline_surface_with_knots ................................:      4
! SUMMARY-  b_spline_surface_with_knots_and_rational_b_spline_surface ..:      4
! SUMMARY-  calendar_date ..............................................:      1
! SUMMARY-  cartesian_point ............................................:   2898
! SUMMARY-  circle .....................................................:    269
! SUMMARY-  closed_shell ...............................................:      2
! SUMMARY-  conical_surface ............................................:      4
! SUMMARY-  context_dependent_shape_representation .....................:      1
! SUMMARY-  conversion_based_unit_and_plane_angle_unit .................:      2
! SUMMARY-  coordinated_universal_time_offset ..........................:      1
! SUMMARY-  cylindrical_surface ........................................:    108
! SUMMARY-  date_and_time ..............................................:      1
! SUMMARY-  direction ..................................................:   1877
! SUMMARY-  edge_curve .................................................:    987
! SUMMARY-  edge_loop ..................................................:    375
! SUMMARY-  face_bound .................................................:     18
! SUMMARY-  face_outer_bound ...........................................:    357
! SUMMARY-  geometric_representation_context_and_global_uncertainty_a ..:      2
! SUMMARY-  item_defined_transformation ................................:      1
! SUMMARY-  length_unit_and_si_unit ....................................:      2
! SUMMARY-  line .......................................................:    635
! SUMMARY-  local_time .................................................:      1
! SUMMARY-  manifold_solid_brep ........................................:      2
! SUMMARY-  next_assembly_usage_occurrence .............................:      1
! SUMMARY-  organization ...............................................:      1
! SUMMARY-  oriented_edge ..............................................:   1974
! SUMMARY-  person .....................................................:      1
! SUMMARY-  person_and_organization ....................................:      1
! SUMMARY-  plane ......................................................:    221
! SUMMARY-  plane_angle_measure_with_unit ..............................:      2
! SUMMARY-  plane_angle_unit_and_si_unit ...............................:      2
! SUMMARY-  product ....................................................:      2
! SUMMARY-  product_category ...........................................:      2
! SUMMARY-  product_category_relationship ..............................:      2
! SUMMARY-  product_context ............................................:      2
! SUMMARY-  product_definition .........................................:      2
! SUMMARY-  product_definition_context .................................:      1
! SUMMARY-  product_definition_formation_with_specified_source .........:      2
! SUMMARY-  product_definition_shape ...................................:      3
! SUMMARY-  product_related_product_category ...........................:      2
! SUMMARY-  representation_relationship_with_transformation_and_shape ..:      1
! SUMMARY-  shape_representation .......................................:      1
! SUMMARY-  si_unit_and_solid_angle_unit ...............................:      2
! SUMMARY-  spherical_surface ..........................................:      4
! SUMMARY-  toroidal_surface ...........................................:     12
! SUMMARY-  uncertainty_measure_with_unit ..............................:      2
! SUMMARY-  vector .....................................................:    635
! SUMMARY-  vertex_point ...............................................:    642
! SUMMARY-                                                               -------
! SUMMARY-  Total                                                          12140
! STATUS-    
! STATUS-   Converting to Output Form (Phase 2 of 3): 8-FEB-2025 5:50:35 PM
! STATUS-    
! STATUS-    
! STATUS-   Generating UG geometry and placing them in parts
! STATUS-    
! STATUS-   Creating the UG part (Phase 3 of 3): 8-FEB-2025  5:50:35 PM
! INFO-     Filing Part ..: U:\Spring CAD\_HS-225BB
! SUMMARY-   
! SUMMARY-  Summary of Unigraphics Part Entities
! SUMMARY-   
! SUMMARY-  Entities Processed             Count
! SUMMARY-  ------------------             -----
! SUMMARY-  Solid/Sheet .................:     2
! SUMMARY-                                 -----
! SUMMARY-  Total                              2
! STATUS-   Creating the UG part (Phase 3 of 3): 8-FEB-2025  5:50:36 PM
! INFO-     Filing Part ..: U:\Spring CAD\HS-225BB-1642818335.prt
! SUMMARY-   
! SUMMARY-  Summary of Unigraphics Part Entities
! SUMMARY-   
! SUMMARY-  Entities Processed             Count
! SUMMARY-  ------------------             -----
! SUMMARY-  Component ...................:     1
! SUMMARY-                                 -----
! SUMMARY-  Total                              1
! INFO-      
! INFO-     Total number of solids input for this translation       :         2
! INFO-      
! INFO-     Number of solids created without body validation faults :         2
! INFO-      
! INFO-     Number of solids created with body validation fault(s)  :         0
! INFO-      
! INFO-     Number of solids ending up as sheet bodies              :         0
! INFO-      
! INFO-     End of Translation: 8-FEB-2025  5:50:36 PM
! INFO-      
STEP to UG
! INFO-     NX STEP AP203 - V2306.9102
! INFO-      
! INFO-     Start of Translation: 8-FEB-2025  6:10:27 PM
! INFO-      
! STATUS-   Converting Part: U:\Spring CAD\HS-225BB-1642818335.stp
! SUMMARY-   
! SUMMARY-    STEP Header Information
! SUMMARY-   
! SUMMARY-  Description      Unknown
! SUMMARY-  Imp_Level        2;1
! SUMMARY-  File_Name        HS-225BB_ASM
! SUMMARY-  Date             2017-08-30T
! SUMMARY-  Author           servo-csw
! SUMMARY-  Organization     Unknown
! SUMMARY-  Pre_Version      CREO PARAMETRIC BY PTC INC, 2014440
! SUMMARY-  Orig_System      CREO PARAMETRIC BY PTC INC, 2014440
! SUMMARY-  Authorization    Unknown
! SUMMARY-  Schema_ID        config_control_design
! SUMMARY-   
! SUMMARY-    Summary of STEP Entities
! SUMMARY-   
! SUMMARY-  Entity Type                                                   Count
! SUMMARY-  -----------                                                   ------
! SUMMARY-  advanced_brep_shape_representation .........................:      1
! SUMMARY-  advanced_face ..............................................:    357
! SUMMARY-  application_context ........................................:      1
! SUMMARY-  approval ...................................................:      1
! SUMMARY-  approval_date_time .........................................:      1
! SUMMARY-  approval_person_organization ...............................:      1
! SUMMARY-  approval_role ..............................................:      1
! SUMMARY-  approval_status ............................................:      1
! SUMMARY-  axis2_placement_3d .........................................:    621
! SUMMARY-  b_spline_curve_with_knots ..................................:     83
! SUMMARY-  b_spline_surface_with_knots ................................:      4
! SUMMARY-  b_spline_surface_with_knots_and_rational_b_spline_surface ..:      4
! SUMMARY-  calendar_date ..............................................:      1
! SUMMARY-  cartesian_point ............................................:   2898
! SUMMARY-  circle .....................................................:    269
! SUMMARY-  closed_shell ...............................................:      2
! SUMMARY-  conical_surface ............................................:      4
! SUMMARY-  context_dependent_shape_representation .....................:      1
! SUMMARY-  conversion_based_unit_and_plane_angle_unit .................:      2
! SUMMARY-  coordinated_universal_time_offset ..........................:      1
! SUMMARY-  cylindrical_surface ........................................:    108
! SUMMARY-  date_and_time ..............................................:      1
! SUMMARY-  direction ..................................................:   1877
! SUMMARY-  edge_curve .................................................:    987
! SUMMARY-  edge_loop ..................................................:    375
! SUMMARY-  face_bound .................................................:     18
! SUMMARY-  face_outer_bound ...........................................:    357
! SUMMARY-  geometric_representation_context_and_global_uncertainty_a ..:      2
! SUMMARY-  item_defined_transformation ................................:      1
! SUMMARY-  length_unit_and_si_unit ....................................:      2
! SUMMARY-  line .......................................................:    635
! SUMMARY-  local_time .................................................:      1
! SUMMARY-  manifold_solid_brep ........................................:      2
! SUMMARY-  next_assembly_usage_occurrence .............................:      1
! SUMMARY-  organization ...............................................:      1
! SUMMARY-  oriented_edge ..............................................:   1974
! SUMMARY-  person .....................................................:      1
! SUMMARY-  person_and_organization ....................................:      1
! SUMMARY-  plane ......................................................:    221
! SUMMARY-  plane_angle_measure_with_unit ..............................:      2
! SUMMARY-  plane_angle_unit_and_si_unit ...............................:      2
! SUMMARY-  product ....................................................:      2
! SUMMARY-  product_category ...........................................:      2
! SUMMARY-  product_category_relationship ..............................:      2
! SUMMARY-  product_context ............................................:      2
! SUMMARY-  product_definition .........................................:      2
! SUMMARY-  product_definition_context .................................:      1
! SUMMARY-  product_definition_formation_with_specified_source .........:      2
! SUMMARY-  product_definition_shape ...................................:      3
! SUMMARY-  product_related_product_category ...........................:      2
! SUMMARY-  representation_relationship_with_transformation_and_shape ..:      1
! SUMMARY-  shape_representation .......................................:      1
! SUMMARY-  si_unit_and_solid_angle_unit ...............................:      2
! SUMMARY-  spherical_surface ..........................................:      4
! SUMMARY-  toroidal_surface ...........................................:     12
! SUMMARY-  uncertainty_measure_with_unit ..............................:      2
! SUMMARY-  vector .....................................................:    635
! SUMMARY-  vertex_point ...............................................:    642
! SUMMARY-                                                               -------
! SUMMARY-  Total                                                          12140
! STATUS-    
! STATUS-   Converting to Output Form (Phase 2 of 3): 8-FEB-2025 6:10:28 PM
! STATUS-    
! STATUS-    
! STATUS-   Generating UG geometry and placing them in parts
! STATUS-    
! STATUS-   Creating the UG part (Phase 3 of 3): 8-FEB-2025  6:10:28 PM
! INFO-     Filing Part ..: U:\Spring CAD\_HS-225BB13594
! SUMMARY-   
! SUMMARY-  Summary of Unigraphics Part Entities
! SUMMARY-   
! SUMMARY-  Entities Processed             Count
! SUMMARY-  ------------------             -----
! SUMMARY-  Solid/Sheet .................:     2
! SUMMARY-                                 -----
! SUMMARY-  Total                              2
! STATUS-   Creating the UG part (Phase 3 of 3): 8-FEB-2025  6:10:33 PM
! INFO-     Filing Part ..: U:\Spring CAD\HS-225BB-1642818335.prt
! SUMMARY-   
! SUMMARY-  Summary of Unigraphics Part Entities
! SUMMARY-   
! SUMMARY-  Entities Processed             Count
! SUMMARY-  ------------------             -----
! SUMMARY-  Component ...................:     1
! SUMMARY-                                 -----
! SUMMARY-  Total                              1
! INFO-      
! INFO-     Total number of solids input for this translation       :         2
! INFO-      
! INFO-     Number of solids created without body validation faults :         2
! INFO-      
! INFO-     Number of solids created with body validation fault(s)  :         0
! INFO-      
! INFO-     Number of solids ending up as sheet bodies              :         0
! INFO-      
! INFO-     End of Translation: 8-FEB-2025  6:10:33 PM
! INFO-      
STEP to UG
! INFO-     NX STEP AP203 - V2306.1700
! INFO-      
! INFO-     Start of Translation: 2-MAR-2025  3:17:05 PM
! INFO-      
! STATUS-   Converting Part: C:\Users\atlan\OneDrive - University of Illinois - Urbana\Desktop\LRI\Flight_Vehicle_Design\spring launch\CAD\HS-225BB-1642818335.stp
! SUMMARY-   
! SUMMARY-    STEP Header Information
! SUMMARY-   
! SUMMARY-  Description      Unknown
! SUMMARY-  Imp_Level        2;1
! SUMMARY-  File_Name        HS-225BB_ASM
! SUMMARY-  Date             2017-08-30T
! SUMMARY-  Author           servo-csw
! SUMMARY-  Organization     Unknown
! SUMMARY-  Pre_Version      CREO PARAMETRIC BY PTC INC, 2014440
! SUMMARY-  Orig_System      CREO PARAMETRIC BY PTC INC, 2014440
! SUMMARY-  Authorization    Unknown
! SUMMARY-  Schema_ID        config_control_design
! SUMMARY-   
! SUMMARY-    Summary of STEP Entities
! SUMMARY-   
! SUMMARY-  Entity Type                                                   Count
! SUMMARY-  -----------                                                   ------
! SUMMARY-  advanced_brep_shape_representation .........................:      1
! SUMMARY-  advanced_face ..............................................:    357
! SUMMARY-  application_context ........................................:      1
! SUMMARY-  approval ...................................................:      1
! SUMMARY-  approval_date_time .........................................:      1
! SUMMARY-  approval_person_organization ...............................:      1
! SUMMARY-  approval_role ..............................................:      1
! SUMMARY-  approval_status ............................................:      1
! SUMMARY-  axis2_placement_3d .........................................:    621
! SUMMARY-  b_spline_curve_with_knots ..................................:     83
! SUMMARY-  b_spline_surface_with_knots ................................:      4
! SUMMARY-  b_spline_surface_with_knots_and_rational_b_spline_surface ..:      4
! SUMMARY-  calendar_date ..............................................:      1
! SUMMARY-  cartesian_point ............................................:   2898
! SUMMARY-  circle .....................................................:    269
! SUMMARY-  closed_shell ...............................................:      2
! SUMMARY-  conical_surface ............................................:      4
! SUMMARY-  context_dependent_shape_representation .....................:      1
! SUMMARY-  conversion_based_unit_and_plane_angle_unit .................:      2
! SUMMARY-  coordinated_universal_time_offset ..........................:      1
! SUMMARY-  cylindrical_surface ........................................:    108
! SUMMARY-  date_and_time ..............................................:      1
! SUMMARY-  direction ..................................................:   1877
! SUMMARY-  edge_curve .................................................:    987
! SUMMARY-  edge_loop ..................................................:    375
! SUMMARY-  face_bound .................................................:     18
! SUMMARY-  face_outer_bound ...........................................:    357
! SUMMARY-  geometric_representation_context_and_global_uncertainty_a ..:      2
! SUMMARY-  item_defined_transformation ................................:      1
! SUMMARY-  length_unit_and_si_unit ....................................:      2
! SUMMARY-  line .......................................................:    635
! SUMMARY-  local_time .................................................:      1
! SUMMARY-  manifold_solid_brep ........................................:      2
! SUMMARY-  next_assembly_usage_occurrence .............................:      1
! SUMMARY-  organization ...............................................:      1
! SUMMARY-  oriented_edge ..............................................:   1974
! SUMMARY-  person .....................................................:      1
! SUMMARY-  person_and_organization ....................................:      1
! SUMMARY-  plane ......................................................:    221
! SUMMARY-  plane_angle_measure_with_unit ..............................:      2
! SUMMARY-  plane_angle_unit_and_si_unit ...............................:      2
! SUMMARY-  product ....................................................:      2
! SUMMARY-  product_category ...........................................:      2
! SUMMARY-  product_category_relationship ..............................:      2
! SUMMARY-  product_context ............................................:      2
! SUMMARY-  product_definition .........................................:      2
! SUMMARY-  product_definition_context .................................:      1
! SUMMARY-  product_definition_formation_with_specified_source .........:      2
! SUMMARY-  product_definition_shape ...................................:      3
! SUMMARY-  product_related_product_category ...........................:      2
! SUMMARY-  representation_relationship_with_transformation_and_shape ..:      1
! SUMMARY-  shape_representation .......................................:      1
! SUMMARY-  si_unit_and_solid_angle_unit ...............................:      2
! SUMMARY-  spherical_surface ..........................................:      4
! SUMMARY-  toroidal_surface ...........................................:     12
! SUMMARY-  uncertainty_measure_with_unit ..............................:      2
! SUMMARY-  vector .....................................................:    635
! SUMMARY-  vertex_point ...............................................:    642
! SUMMARY-                                                               -------
! SUMMARY-  Total                                                          12140
! STATUS-    
! STATUS-   Converting to Output Form (Phase 2 of 3): 2-MAR-2025 3:17:05 PM
! STATUS-    
! STATUS-    
! STATUS-   Generating UG geometry and placing them in parts
! STATUS-    
! STATUS-   Creating the UG part (Phase 3 of 3): 2-MAR-2025  3:17:05 PM
! INFO-     Filing Part ..: C:\Users\atlan\OneDrive - University of Illinois - Urbana\Desktop\LRI\Flight_Vehicle_Design\spring launch\CAD\HS-225BB-1642818335.prt
! SUMMARY-   
! SUMMARY-  Summary of Unigraphics Part Entities
! SUMMARY-   
! SUMMARY-  Entities Processed             Count
! SUMMARY-  ------------------             -----
! SUMMARY-  Component ...................:     1
! SUMMARY-                                 -----
! SUMMARY-  Total                              1
! INFO-      
! INFO-     Total number of solids input for this translation       :         0
! INFO-      
! INFO-     Number of solids created without body validation faults :         0
! INFO-      
! INFO-     Number of solids created with body validation fault(s)  :         0
! INFO-      
! INFO-     Number of solids ending up as sheet bodies              :         0
! INFO-      
! INFO-     End of Translation: 2-MAR-2025  3:17:05 PM
! INFO-      
